TN:
SF:src\App.tsx
FN:6,App
FNF:1
FNH:1
FNDA:2,App
DA:2,1
DA:3,1
DA:4,1
DA:6,2
DA:7,2
DA:8,2
DA:9,2
DA:10,2
DA:11,2
DA:12,2
DA:13,2
DA:14,2
DA:15,2
DA:16,2
DA:17,2
DA:19,2
LF:16
LH:16
BRDA:6,0,0,2
BRF:1
BRH:1
end_of_record
TN:
SF:src\main.tsx
FN:1,(empty-report)
FNF:1
FNH:1
FNDA:1,(empty-report)
DA:2,0
DA:3,0
DA:5,0
LF:3
LH:0
BRDA:1,0,0,1
BRF:1
BRH:1
end_of_record
TN:
SF:src\components\Button.tsx
FN:7,Button
FNF:1
FNH:1
FNDA:18,Button
DA:7,18
DA:8,18
DA:9,18
DA:10,18
DA:11,18
DA:12,18
DA:14,18
LF:7
LH:7
BRDA:7,0,0,18
BRDA:11,1,0,0
BRF:2
BRH:1
end_of_record
TN:
SF:src\context\index.ts
FN:1,(empty-report)
FNF:1
FNH:1
FNDA:1,(empty-report)
LF:0
LH:0
BRDA:1,0,0,1
BRF:1
BRH:1
end_of_record
TN:
SF:src\pages\About.tsx
FN:1,(empty-report)
FNF:1
FNH:1
FNDA:1,(empty-report)
DA:3,0
DA:4,0
DA:5,0
DA:6,0
DA:7,0
DA:8,0
DA:10,0
LF:7
LH:0
BRDA:1,0,0,1
BRF:1
BRH:1
end_of_record
TN:
SF:src\pages\Home.tsx
FN:5,Home
FN:8,run
FN:22,onClick
FN:23,onClick
FN:24,onClick
FNF:5
FNH:3
FNDA:6,Home
FNDA:2,run
FNDA:2,onClick
FNDA:0,onClick
FNDA:0,onClick
DA:1,1
DA:2,1
DA:3,1
DA:5,6
DA:6,6
DA:8,6
DA:9,2
DA:10,2
DA:11,2
DA:12,2
DA:13,0
DA:14,0
DA:15,2
DA:17,6
DA:18,6
DA:19,6
DA:20,6
DA:21,6
DA:22,6
DA:23,6
DA:24,6
DA:25,6
DA:27,6
DA:28,6
DA:29,2
DA:30,6
DA:31,6
DA:32,6
DA:34,6
LF:29
LH:27
BRDA:5,0,0,6
BRDA:8,1,0,2
BRDA:12,2,0,0
BRDA:11,3,0,2
BRDA:22,4,0,2
BRDA:28,5,0,2
BRF:6
BRH:5
end_of_record
TN:
SF:src\pages\Login.tsx
FN:4,Login
FN:9,sendLink
FN:39,onChange
FNF:3
FNH:3
FNDA:42,Login
FNDA:2,sendLink
FNDA:36,onChange
DA:2,1
DA:4,42
DA:5,42
DA:6,42
DA:7,42
DA:9,42
DA:10,2
DA:11,2
DA:12,2
DA:13,2
DA:14,2
DA:15,2
DA:16,2
DA:17,2
DA:18,2
DA:19,2
DA:20,2
DA:21,1
DA:22,1
DA:23,1
DA:24,2
DA:25,2
DA:26,2
DA:27,2
DA:29,42
DA:30,42
DA:31,42
DA:32,42
DA:33,42
DA:34,42
DA:35,42
DA:36,42
DA:37,42
DA:38,42
DA:39,42
DA:40,42
DA:41,42
DA:42,42
DA:43,42
DA:44,42
DA:45,42
DA:46,42
DA:47,42
DA:49,42
LF:44
LH:44
BRDA:4,0,0,42
BRDA:43,1,0,2
BRDA:43,2,0,40
BRDA:46,3,0,2
BRDA:9,4,0,2
BRDA:20,5,0,1
BRDA:20,6,0,0
BRDA:23,7,0,0
BRDA:39,8,0,36
BRF:9
BRH:7
end_of_record
TN:
SF:src\utils\api.ts
FN:3,health
FN:8,pingRedis
FN:13,dbVersion
FNF:3
FNH:1
FNDA:2,health
FNDA:0,pingRedis
FNDA:0,dbVersion
DA:2,1
DA:3,1
DA:4,2
DA:5,2
DA:6,2
DA:7,2
DA:8,1
DA:9,0
DA:10,0
DA:11,0
DA:12,0
DA:13,1
DA:14,0
DA:15,0
DA:16,0
DA:17,0
DA:18,1
LF:17
LH:9
BRDA:3,0,0,2
BRDA:5,1,0,0
BRF:2
BRH:1
end_of_record
