TN:
SF:src\App.tsx
FN:4,App
FN:7,run
FN:21,onClick
FN:22,onClick
FN:23,onClick
FNF:5
FNH:3
FNDA:3,App
FNDA:1,run
FNDA:1,onClick
FNDA:0,onClick
FNDA:0,onClick
DA:1,1
DA:4,3
DA:5,3
DA:7,3
DA:8,1
DA:9,1
DA:10,1
DA:11,1
DA:12,0
DA:13,0
DA:14,1
DA:16,3
DA:17,3
DA:18,3
DA:19,3
DA:20,3
DA:21,3
DA:22,3
DA:23,3
DA:24,3
DA:25,3
DA:26,3
DA:27,1
DA:28,3
DA:29,3
DA:30,3
DA:32,3
LF:27
LH:25
BRDA:4,0,0,3
BRDA:7,1,0,1
BRDA:11,2,0,0
BRDA:10,3,0,1
BRDA:21,4,0,1
BRDA:26,5,0,1
BRF:6
BRH:5
end_of_record
TN:
SF:src\api.ts
FN:2,health
FN:7,pingRedis
FN:12,dbVersion
FNF:3
FNH:1
FNDA:1,health
FNDA:0,pingRedis
FNDA:0,dbVersion
DA:1,1
DA:2,1
DA:3,1
DA:4,1
DA:5,1
DA:6,1
DA:7,1
DA:8,0
DA:9,0
DA:10,0
DA:11,0
DA:12,1
DA:13,0
DA:14,0
DA:15,0
DA:16,0
DA:17,1
LF:17
LH:9
BRDA:2,0,0,1
BRDA:4,1,0,0
BRF:2
BRH:1
end_of_record
TN:
SF:src\main.tsx
FN:1,(empty-report)
FNF:1
FNH:0
FNDA:0,(empty-report)
DA:1,0
DA:2,0
DA:3,0
DA:5,0
DA:6,0
LF:5
LH:0
BRDA:1,0,0,0
BRF:1
BRH:0
end_of_record
